{"/Users/yuezhou/Documents/git/ms-pagination/src/PaginationComponent.tsx": {"path":"/Users/yuezhou/Documents/git/ms-pagination/src/PaginationComponent.tsx","statementMap":{"0":{"start":{"line":1,"column":0},"end":{"line":1,"column":26}},"1":{"start":{"line":2,"column":0},"end":{"line":2,"column":40}},"2":{"start":{"line":3,"column":0},"end":{"line":3,"column":23}},"3":{"start":{"line":26,"column":20},"end":{"line":34,"column":1}},"4":{"start":{"line":27,"column":2},"end":{"line":33,"column":null}},"5":{"start":{"line":30,"column":8},"end":{"line":30,"column":262}},"6":{"start":{"line":30,"column":155},"end":{"line":30,"column":175}},"7":{"start":{"line":43,"column":27},"end":{"line":74,"column":1}},"8":{"start":{"line":44,"column":36},"end":{"line":44,"column":38}},"9":{"start":{"line":46,"column":2},"end":{"line":72,"column":null}},"10":{"start":{"line":47,"column":4},"end":{"line":47,"column":67}},"11":{"start":{"line":47,"column":59},"end":{"line":47,"column":65}},"12":{"start":{"line":48,"column":9},"end":{"line":72,"column":null}},"13":{"start":{"line":49,"column":4},"end":{"line":71,"column":null}},"14":{"start":{"line":50,"column":21},"end":{"line":50,"column":26}},"15":{"start":{"line":52,"column":6},"end":{"line":54,"column":null}},"16":{"start":{"line":53,"column":8},"end":{"line":53,"column":28}},"17":{"start":{"line":56,"column":45},"end":{"line":56,"column":92}},"18":{"start":{"line":56,"column":85},"end":{"line":56,"column":91}},"19":{"start":{"line":57,"column":6},"end":{"line":57,"column":39}},"20":{"start":{"line":58,"column":6},"end":{"line":58,"column":45}},"21":{"start":{"line":60,"column":6},"end":{"line":70,"column":null}},"22":{"start":{"line":61,"column":32},"end":{"line":61,"column":98}},"23":{"start":{"line":62,"column":8},"end":{"line":62,"column":44}},"24":{"start":{"line":64,"column":44},"end":{"line":64,"column":57}},"25":{"start":{"line":65,"column":8},"end":{"line":67,"column":null}},"26":{"start":{"line":65,"column":21},"end":{"line":65,"column":30}},"27":{"start":{"line":66,"column":10},"end":{"line":66,"column":36}},"28":{"start":{"line":69,"column":8},"end":{"line":69,"column":44}},"29":{"start":{"line":73,"column":2},"end":{"line":73,"column":25}},"30":{"start":{"line":80,"column":20},"end":{"line":91,"column":1}},"31":{"start":{"line":84,"column":36},"end":{"line":84,"column":67}},"32":{"start":{"line":86,"column":2},"end":{"line":90,"column":null}},"33":{"start":{"line":96,"column":34},"end":{"line":103,"column":1}},"34":{"start":{"line":97,"column":2},"end":{"line":102,"column":null}},"35":{"start":{"line":108,"column":32},"end":{"line":115,"column":1}},"36":{"start":{"line":109,"column":2},"end":{"line":114,"column":null}},"37":{"start":{"line":119,"column":4},"end":{"line":119,"column":17}},"38":{"start":{"line":152,"column":2},"end":{"line":158,"column":null}},"39":{"start":{"line":153,"column":4},"end":{"line":155,"column":7}},"40":{"start":{"line":156,"column":4},"end":{"line":156,"column":75}},"41":{"start":{"line":157,"column":4},"end":{"line":157,"column":71}},"42":{"start":{"line":160,"column":2},"end":{"line":172,"column":null}},"43":{"start":{"line":161,"column":15},"end":{"line":161,"column":30}},"44":{"start":{"line":163,"column":4},"end":{"line":165,"column":null}},"45":{"start":{"line":164,"column":6},"end":{"line":164,"column":22}},"46":{"start":{"line":167,"column":4},"end":{"line":169,"column":7}},"47":{"start":{"line":171,"column":4},"end":{"line":171,"column":27}},"48":{"start":{"line":174,"column":2},"end":{"line":186,"column":null}},"49":{"start":{"line":175,"column":15},"end":{"line":175,"column":30}},"50":{"start":{"line":177,"column":4},"end":{"line":179,"column":null}},"51":{"start":{"line":178,"column":6},"end":{"line":178,"column":22}},"52":{"start":{"line":181,"column":4},"end":{"line":183,"column":7}},"53":{"start":{"line":185,"column":4},"end":{"line":185,"column":27}},"54":{"start":{"line":120,"column":4},"end":{"line":120,"column":31}},"55":{"start":{"line":121,"column":4},"end":{"line":125,"column":6}},"56":{"start":{"line":129,"column":4},"end":{"line":134,"column":null}},"57":{"start":{"line":130,"column":16},"end":{"line":130,"column":148}},"58":{"start":{"line":131,"column":6},"end":{"line":133,"column":18}},"59":{"start":{"line":138,"column":37},"end":{"line":138,"column":47}},"60":{"start":{"line":140,"column":4},"end":{"line":143,"column":7}},"61":{"start":{"line":147,"column":30},"end":{"line":147,"column":40}},"62":{"start":{"line":148,"column":4},"end":{"line":148,"column":75}},"63":{"start":{"line":189,"column":46},"end":{"line":189,"column":56}},"64":{"start":{"line":191,"column":4},"end":{"line":212,"column":null}},"65":{"start":{"line":217,"column":0},"end":{"line":217,"column":35}}},"fnMap":{"0":{"name":"(anonymous_1)","decl":{"start":{"line":26,"column":20},"end":{"line":26,"column":21}},"loc":{"start":{"line":26,"column":87},"end":{"line":34,"column":1}}},"1":{"name":"(anonymous_2)","decl":{"start":{"line":29,"column":28},"end":{"line":29,"column":29}},"loc":{"start":{"line":30,"column":8},"end":{"line":30,"column":262}}},"2":{"name":"(anonymous_3)","decl":{"start":{"line":30,"column":147},"end":{"line":30,"column":150}},"loc":{"start":{"line":30,"column":152},"end":{"line":30,"column":177}}},"3":{"name":"(anonymous_4)","decl":{"start":{"line":43,"column":27},"end":{"line":43,"column":28}},"loc":{"start":{"line":43,"column":59},"end":{"line":74,"column":1}}},"4":{"name":"(anonymous_5)","decl":{"start":{"line":47,"column":51},"end":{"line":47,"column":55}},"loc":{"start":{"line":47,"column":59},"end":{"line":47,"column":65}}},"5":{"name":"(anonymous_6)","decl":{"start":{"line":56,"column":77},"end":{"line":56,"column":81}},"loc":{"start":{"line":56,"column":85},"end":{"line":56,"column":91}}},"6":{"name":"(anonymous_7)","decl":{"start":{"line":80,"column":20},"end":{"line":80,"column":21}},"loc":{"start":{"line":82,"column":5},"end":{"line":91,"column":1}}},"7":{"name":"(anonymous_8)","decl":{"start":{"line":96,"column":34},"end":{"line":96,"column":37}},"loc":{"start":{"line":96,"column":39},"end":{"line":103,"column":1}}},"8":{"name":"(anonymous_9)","decl":{"start":{"line":108,"column":32},"end":{"line":108,"column":35}},"loc":{"start":{"line":108,"column":37},"end":{"line":115,"column":1}}},"9":{"name":"(anonymous_10)","decl":{"start":{"line":118,"column":2},"end":{"line":118,"column":14}},"loc":{"start":{"line":118,"column":24},"end":{"line":126,"column":3}}},"10":{"name":"(anonymous_11)","decl":{"start":{"line":152,"column":16},"end":{"line":152,"column":17}},"loc":{"start":{"line":152,"column":33},"end":{"line":158,"column":3}}},"11":{"name":"(anonymous_12)","decl":{"start":{"line":160,"column":21},"end":{"line":160,"column":24}},"loc":{"start":{"line":160,"column":26},"end":{"line":172,"column":3}}},"12":{"name":"(anonymous_13)","decl":{"start":{"line":174,"column":17},"end":{"line":174,"column":20}},"loc":{"start":{"line":174,"column":22},"end":{"line":186,"column":3}}},"13":{"name":"(anonymous_14)","decl":{"start":{"line":128,"column":2},"end":{"line":128,"column":17}},"loc":{"start":{"line":128,"column":64},"end":{"line":135,"column":3}}},"14":{"name":"(anonymous_15)","decl":{"start":{"line":137,"column":2},"end":{"line":137,"column":20}},"loc":{"start":{"line":137,"column":20},"end":{"line":144,"column":3}}},"15":{"name":"(anonymous_16)","decl":{"start":{"line":146,"column":2},"end":{"line":146,"column":19}},"loc":{"start":{"line":146,"column":19},"end":{"line":149,"column":3}}},"16":{"name":"(anonymous_17)","decl":{"start":{"line":188,"column":2},"end":{"line":188,"column":8}},"loc":{"start":{"line":188,"column":8},"end":{"line":213,"column":3}}}},"branchMap":{"0":{"loc":{"start":{"line":30,"column":27},"end":{"line":30,"column":194}},"type":"cond-expr","locations":[{"start":{"line":30,"column":27},"end":{"line":30,"column":194}},{"start":{"line":30,"column":197},"end":{"line":30,"column":262}}]},"1":{"loc":{"start":{"line":30,"column":90},"end":{"line":30,"column":98}},"type":"cond-expr","locations":[{"start":{"line":30,"column":90},"end":{"line":30,"column":98}},{"start":{"line":30,"column":101},"end":{"line":30,"column":103}}]},"2":{"loc":{"start":{"line":46,"column":2},"end":{"line":72,"column":null}},"type":"if","locations":[{"start":{"line":46,"column":2},"end":{"line":72,"column":null}},{"start":{"line":46,"column":2},"end":{"line":72,"column":null}}]},"3":{"loc":{"start":{"line":46,"column":6},"end":{"line":46,"column":15}},"type":"binary-expr","locations":[{"start":{"line":46,"column":6},"end":{"line":46,"column":15}},{"start":{"line":46,"column":19},"end":{"line":46,"column":28}}]},"4":{"loc":{"start":{"line":48,"column":9},"end":{"line":72,"column":null}},"type":"if","locations":[{"start":{"line":48,"column":9},"end":{"line":72,"column":null}},{"start":{"line":48,"column":9},"end":{"line":72,"column":null}}]},"5":{"loc":{"start":{"line":49,"column":4},"end":{"line":71,"column":null}},"type":"if","locations":[{"start":{"line":49,"column":4},"end":{"line":71,"column":null}},{"start":{"line":49,"column":4},"end":{"line":71,"column":null}}]},"6":{"loc":{"start":{"line":52,"column":6},"end":{"line":54,"column":null}},"type":"if","locations":[{"start":{"line":52,"column":6},"end":{"line":54,"column":null}},{"start":{"line":52,"column":6},"end":{"line":54,"column":null}}]},"7":{"loc":{"start":{"line":60,"column":6},"end":{"line":70,"column":null}},"type":"if","locations":[{"start":{"line":60,"column":6},"end":{"line":70,"column":null}},{"start":{"line":60,"column":6},"end":{"line":70,"column":null}}]},"8":{"loc":{"start":{"line":163,"column":4},"end":{"line":165,"column":null}},"type":"if","locations":[{"start":{"line":163,"column":4},"end":{"line":165,"column":null}},{"start":{"line":163,"column":4},"end":{"line":165,"column":null}}]},"9":{"loc":{"start":{"line":177,"column":4},"end":{"line":179,"column":null}},"type":"if","locations":[{"start":{"line":177,"column":4},"end":{"line":179,"column":null}},{"start":{"line":177,"column":4},"end":{"line":179,"column":null}}]},"10":{"loc":{"start":{"line":129,"column":4},"end":{"line":134,"column":null}},"type":"if","locations":[{"start":{"line":129,"column":4},"end":{"line":134,"column":null}},{"start":{"line":129,"column":4},"end":{"line":134,"column":null}}]},"11":{"loc":{"start":{"line":196,"column":28},"end":{"line":196,"column":40}},"type":"cond-expr","locations":[{"start":{"line":196,"column":28},"end":{"line":196,"column":40}},{"start":{"line":196,"column":43},"end":{"line":196,"column":72}}]},"12":{"loc":{"start":{"line":202,"column":24},"end":{"line":202,"column":32}},"type":"cond-expr","locations":[{"start":{"line":202,"column":24},"end":{"line":202,"column":32}},{"start":{"line":202,"column":35},"end":{"line":202,"column":62}}]}},"s":{"0":1,"1":1,"2":1,"3":1,"4":1,"5":4,"6":0,"7":1,"8":1,"9":1,"10":0,"11":0,"12":1,"13":1,"14":1,"15":1,"16":1,"17":1,"18":3,"19":1,"20":1,"21":0,"22":0,"23":0,"24":0,"25":0,"26":0,"27":0,"28":0,"29":1,"30":1,"31":1,"32":1,"33":1,"34":1,"35":1,"36":1,"37":1,"38":1,"39":0,"40":0,"41":0,"42":1,"43":0,"44":0,"45":0,"46":0,"47":0,"48":1,"49":0,"50":0,"51":0,"52":0,"53":0,"54":1,"55":1,"56":0,"57":0,"58":0,"59":1,"60":1,"61":1,"62":1,"63":1,"64":1,"65":1},"f":{"0":1,"1":4,"2":0,"3":1,"4":0,"5":3,"6":1,"7":1,"8":1,"9":1,"10":0,"11":0,"12":0,"13":0,"14":1,"15":1,"16":1},"b":{"0":[3,1],"1":[1,2],"2":[0,1],"3":[1,1],"4":[1,0],"5":[1,0],"6":[1,0],"7":[0,0],"8":[0,0],"9":[0,0],"10":[0,0],"11":[0,1],"12":[0,1]}}
}
