{"/Users/yuezhou/Documents/git/ms-pagination/src/PaginationComponent.tsx": {"path":"/Users/yuezhou/Documents/git/ms-pagination/src/PaginationComponent.tsx","statementMap":{"0":{"start":{"line":1,"column":0},"end":{"line":1,"column":26}},"1":{"start":{"line":2,"column":0},"end":{"line":2,"column":40}},"2":{"start":{"line":3,"column":0},"end":{"line":3,"column":23}},"3":{"start":{"line":7,"column":0},"end":{"line":7,"column":null}},"4":{"start":{"line":25,"column":45},"end":{"line":25,"column":60}},"5":{"start":{"line":35,"column":4},"end":{"line":35,"column":17}},"6":{"start":{"line":57,"column":2},"end":{"line":80,"column":4}},"7":{"start":{"line":58,"column":4},"end":{"line":60,"column":7}},"8":{"start":{"line":69,"column":8},"end":{"line":69,"column":18}},"9":{"start":{"line":71,"column":4},"end":{"line":71,"column":75}},"10":{"start":{"line":72,"column":4},"end":{"line":79,"column":null}},"11":{"start":{"line":73,"column":6},"end":{"line":78,"column":9}},"12":{"start":{"line":82,"column":2},"end":{"line":94,"column":4}},"13":{"start":{"line":83,"column":15},"end":{"line":83,"column":30}},"14":{"start":{"line":85,"column":4},"end":{"line":87,"column":null}},"15":{"start":{"line":86,"column":6},"end":{"line":86,"column":22}},"16":{"start":{"line":89,"column":4},"end":{"line":91,"column":7}},"17":{"start":{"line":93,"column":4},"end":{"line":93,"column":27}},"18":{"start":{"line":96,"column":2},"end":{"line":108,"column":4}},"19":{"start":{"line":97,"column":15},"end":{"line":97,"column":30}},"20":{"start":{"line":99,"column":4},"end":{"line":101,"column":null}},"21":{"start":{"line":100,"column":6},"end":{"line":100,"column":22}},"22":{"start":{"line":103,"column":4},"end":{"line":105,"column":7}},"23":{"start":{"line":107,"column":4},"end":{"line":107,"column":27}},"24":{"start":{"line":110,"column":2},"end":{"line":112,"column":4}},"25":{"start":{"line":111,"column":4},"end":{"line":111,"column":24}},"26":{"start":{"line":114,"column":2},"end":{"line":116,"column":4}},"27":{"start":{"line":115,"column":4},"end":{"line":115,"column":39}},"28":{"start":{"line":118,"column":2},"end":{"line":140,"column":4}},"29":{"start":{"line":119,"column":27},"end":{"line":119,"column":59}},"30":{"start":{"line":127,"column":8},"end":{"line":127,"column":18}},"31":{"start":{"line":128,"column":4},"end":{"line":130,"column":7}},"32":{"start":{"line":131,"column":4},"end":{"line":131,"column":76}},"33":{"start":{"line":132,"column":4},"end":{"line":139,"column":null}},"34":{"start":{"line":133,"column":6},"end":{"line":138,"column":9}},"35":{"start":{"line":36,"column":4},"end":{"line":40,"column":6}},"36":{"start":{"line":44,"column":37},"end":{"line":44,"column":47}},"37":{"start":{"line":46,"column":4},"end":{"line":49,"column":7}},"38":{"start":{"line":53,"column":30},"end":{"line":53,"column":40}},"39":{"start":{"line":54,"column":4},"end":{"line":54,"column":75}},"40":{"start":{"line":154,"column":8},"end":{"line":154,"column":18}},"41":{"start":{"line":156,"column":4},"end":{"line":291,"column":6}},"42":{"start":{"line":179,"column":16},"end":{"line":201,"column":null}},"43":{"start":{"line":189,"column":24},"end":{"line":189,"column":47}},"44":{"start":{"line":208,"column":16},"end":{"line":230,"column":null}},"45":{"start":{"line":218,"column":24},"end":{"line":218,"column":47}},"46":{"start":{"line":265,"column":18},"end":{"line":265,"column":62}},"47":{"start":{"line":283,"column":20},"end":{"line":283,"column":64}},"48":{"start":{"line":295,"column":0},"end":{"line":295,"column":35}}},"fnMap":{"0":{"name":"(anonymous_1)","decl":{"start":{"line":34,"column":2},"end":{"line":34,"column":14}},"loc":{"start":{"line":34,"column":24},"end":{"line":41,"column":3}}},"1":{"name":"(anonymous_2)","decl":{"start":{"line":57,"column":16},"end":{"line":57,"column":17}},"loc":{"start":{"line":57,"column":33},"end":{"line":80,"column":3}}},"2":{"name":"(anonymous_3)","decl":{"start":{"line":82,"column":21},"end":{"line":82,"column":24}},"loc":{"start":{"line":82,"column":26},"end":{"line":94,"column":3}}},"3":{"name":"(anonymous_4)","decl":{"start":{"line":96,"column":17},"end":{"line":96,"column":20}},"loc":{"start":{"line":96,"column":22},"end":{"line":108,"column":3}}},"4":{"name":"(anonymous_5)","decl":{"start":{"line":110,"column":22},"end":{"line":110,"column":25}},"loc":{"start":{"line":110,"column":27},"end":{"line":112,"column":3}}},"5":{"name":"(anonymous_6)","decl":{"start":{"line":114,"column":21},"end":{"line":114,"column":24}},"loc":{"start":{"line":114,"column":26},"end":{"line":116,"column":3}}},"6":{"name":"(anonymous_7)","decl":{"start":{"line":118,"column":32},"end":{"line":118,"column":33}},"loc":{"start":{"line":118,"column":47},"end":{"line":140,"column":3}}},"7":{"name":"(anonymous_8)","decl":{"start":{"line":43,"column":2},"end":{"line":43,"column":20}},"loc":{"start":{"line":43,"column":20},"end":{"line":50,"column":3}}},"8":{"name":"(anonymous_9)","decl":{"start":{"line":52,"column":2},"end":{"line":52,"column":19}},"loc":{"start":{"line":52,"column":19},"end":{"line":55,"column":3}}},"9":{"name":"(anonymous_10)","decl":{"start":{"line":142,"column":2},"end":{"line":142,"column":8}},"loc":{"start":{"line":142,"column":8},"end":{"line":292,"column":3}}},"10":{"name":"(anonymous_11)","decl":{"start":{"line":178,"column":14},"end":{"line":178,"column":15}},"loc":{"start":{"line":179,"column":16},"end":{"line":201,"column":null}}},"11":{"name":"(anonymous_12)","decl":{"start":{"line":188,"column":31},"end":{"line":188,"column":34}},"loc":{"start":{"line":188,"column":36},"end":{"line":190,"column":23}}},"12":{"name":"(anonymous_13)","decl":{"start":{"line":207,"column":14},"end":{"line":207,"column":15}},"loc":{"start":{"line":208,"column":16},"end":{"line":230,"column":null}}},"13":{"name":"(anonymous_14)","decl":{"start":{"line":217,"column":31},"end":{"line":217,"column":34}},"loc":{"start":{"line":217,"column":36},"end":{"line":219,"column":23}}},"14":{"name":"(anonymous_15)","decl":{"start":{"line":264,"column":36},"end":{"line":264,"column":37}},"loc":{"start":{"line":265,"column":18},"end":{"line":265,"column":62}}},"15":{"name":"(anonymous_16)","decl":{"start":{"line":282,"column":38},"end":{"line":282,"column":39}},"loc":{"start":{"line":283,"column":20},"end":{"line":283,"column":64}}}},"branchMap":{"0":{"loc":{"start":{"line":63,"column":30},"end":{"line":63,"column":34}},"type":"default-arg","locations":[{"start":{"line":63,"column":30},"end":{"line":63,"column":34}}]},"1":{"loc":{"start":{"line":64,"column":35},"end":{"line":68,"column":null}},"type":"default-arg","locations":[{"start":{"line":64,"column":35},"end":{"line":68,"column":null}}]},"2":{"loc":{"start":{"line":72,"column":4},"end":{"line":79,"column":null}},"type":"if","locations":[{"start":{"line":72,"column":4},"end":{"line":79,"column":null}},{"start":{"line":72,"column":4},"end":{"line":79,"column":null}}]},"3":{"loc":{"start":{"line":85,"column":4},"end":{"line":87,"column":null}},"type":"if","locations":[{"start":{"line":85,"column":4},"end":{"line":87,"column":null}},{"start":{"line":85,"column":4},"end":{"line":87,"column":null}}]},"4":{"loc":{"start":{"line":99,"column":4},"end":{"line":101,"column":null}},"type":"if","locations":[{"start":{"line":99,"column":4},"end":{"line":101,"column":null}},{"start":{"line":99,"column":4},"end":{"line":101,"column":null}}]},"5":{"loc":{"start":{"line":121,"column":30},"end":{"line":121,"column":34}},"type":"default-arg","locations":[{"start":{"line":121,"column":30},"end":{"line":121,"column":34}}]},"6":{"loc":{"start":{"line":122,"column":35},"end":{"line":126,"column":null}},"type":"default-arg","locations":[{"start":{"line":122,"column":35},"end":{"line":126,"column":null}}]},"7":{"loc":{"start":{"line":132,"column":4},"end":{"line":139,"column":null}},"type":"if","locations":[{"start":{"line":132,"column":4},"end":{"line":139,"column":null}},{"start":{"line":132,"column":4},"end":{"line":139,"column":null}}]},"8":{"loc":{"start":{"line":145,"column":17},"end":{"line":145,"column":44}},"type":"default-arg","locations":[{"start":{"line":145,"column":17},"end":{"line":145,"column":44}}]},"9":{"loc":{"start":{"line":146,"column":21},"end":{"line":146,"column":50}},"type":"default-arg","locations":[{"start":{"line":146,"column":21},"end":{"line":146,"column":50}}]},"10":{"loc":{"start":{"line":147,"column":32},"end":{"line":147,"column":56}},"type":"default-arg","locations":[{"start":{"line":147,"column":32},"end":{"line":147,"column":56}}]},"11":{"loc":{"start":{"line":148,"column":31},"end":{"line":148,"column":54}},"type":"default-arg","locations":[{"start":{"line":148,"column":31},"end":{"line":148,"column":54}}]},"12":{"loc":{"start":{"line":149,"column":23},"end":{"line":149,"column":44}},"type":"default-arg","locations":[{"start":{"line":149,"column":23},"end":{"line":149,"column":44}}]},"13":{"loc":{"start":{"line":150,"column":27},"end":{"line":150,"column":32}},"type":"default-arg","locations":[{"start":{"line":150,"column":27},"end":{"line":150,"column":32}}]},"14":{"loc":{"start":{"line":151,"column":32},"end":{"line":151,"column":36}},"type":"default-arg","locations":[{"start":{"line":151,"column":32},"end":{"line":151,"column":36}}]},"15":{"loc":{"start":{"line":152,"column":31},"end":{"line":152,"column":35}},"type":"default-arg","locations":[{"start":{"line":152,"column":31},"end":{"line":152,"column":35}}]},"16":{"loc":{"start":{"line":153,"column":27},"end":{"line":153,"column":31}},"type":"default-arg","locations":[{"start":{"line":153,"column":27},"end":{"line":153,"column":31}}]},"17":{"loc":{"start":{"line":160,"column":13},"end":{"line":160,"column":36}},"type":"binary-expr","locations":[{"start":{"line":160,"column":13},"end":{"line":160,"column":36}},{"start":{"line":161,"column":14},"end":{"line":165,"column":null}}]},"18":{"loc":{"start":{"line":180,"column":18},"end":{"line":193,"column":null}},"type":"cond-expr","locations":[{"start":{"line":180,"column":18},"end":{"line":193,"column":null}},{"start":{"line":196,"column":18},"end":{"line":198,"column":null}}]},"19":{"loc":{"start":{"line":182,"column":49},"end":{"line":182,"column":57}},"type":"cond-expr","locations":[{"start":{"line":182,"column":49},"end":{"line":182,"column":57}},{"start":{"line":182,"column":60},"end":{"line":182,"column":null}}]},"20":{"loc":{"start":{"line":209,"column":18},"end":{"line":222,"column":null}},"type":"cond-expr","locations":[{"start":{"line":209,"column":18},"end":{"line":222,"column":null}},{"start":{"line":225,"column":18},"end":{"line":227,"column":null}}]},"21":{"loc":{"start":{"line":211,"column":49},"end":{"line":211,"column":57}},"type":"cond-expr","locations":[{"start":{"line":211,"column":49},"end":{"line":211,"column":57}},{"start":{"line":211,"column":60},"end":{"line":211,"column":null}}]},"22":{"loc":{"start":{"line":241,"column":13},"end":{"line":241,"column":35}},"type":"binary-expr","locations":[{"start":{"line":241,"column":13},"end":{"line":241,"column":35}},{"start":{"line":242,"column":14},"end":{"line":246,"column":null}}]},"23":{"loc":{"start":{"line":251,"column":11},"end":{"line":251,"column":29}},"type":"binary-expr","locations":[{"start":{"line":251,"column":11},"end":{"line":251,"column":29}},{"start":{"line":252,"column":12},"end":{"line":253,"column":null}}]},"24":{"loc":{"start":{"line":257,"column":11},"end":{"line":257,"column":29}},"type":"binary-expr","locations":[{"start":{"line":257,"column":11},"end":{"line":257,"column":29}},{"start":{"line":258,"column":12},"end":{"line":267,"column":null}}]},"25":{"loc":{"start":{"line":275,"column":13},"end":{"line":275,"column":31}},"type":"binary-expr","locations":[{"start":{"line":275,"column":13},"end":{"line":275,"column":31}},{"start":{"line":276,"column":14},"end":{"line":285,"column":null}}]}},"s":{"0":1,"1":1,"2":1,"3":1,"4":1,"5":1,"6":1,"7":0,"8":0,"9":0,"10":0,"11":0,"12":1,"13":0,"14":0,"15":0,"16":0,"17":0,"18":1,"19":0,"20":0,"21":0,"22":0,"23":0,"24":1,"25":0,"26":1,"27":0,"28":1,"29":0,"30":0,"31":0,"32":0,"33":0,"34":0,"35":1,"36":1,"37":1,"38":1,"39":1,"40":1,"41":1,"42":4,"43":0,"44":4,"45":0,"46":0,"47":0,"48":1},"f":{"0":1,"1":0,"2":0,"3":0,"4":0,"5":0,"6":0,"7":1,"8":1,"9":1,"10":4,"11":0,"12":4,"13":0,"14":0,"15":0},"b":{"0":[0],"1":[0],"2":[0,0],"3":[0,0],"4":[0,0],"5":[0],"6":[0],"7":[0,0],"8":[1],"9":[1],"10":[1],"11":[1],"12":[1],"13":[1],"14":[1],"15":[1],"16":[1],"17":[1,1],"18":[3,1],"19":[1,2],"20":[3,1],"21":[1,2],"22":[1,1],"23":[1,1],"24":[1,0],"25":[1,0]}}
,"/Users/yuezhou/Documents/git/ms-pagination/src/PaginationComponentHelper.tsx": {"path":"/Users/yuezhou/Documents/git/ms-pagination/src/PaginationComponentHelper.tsx","statementMap":{"0":{"start":{"line":1,"column":0},"end":{"line":1,"column":26}},"1":{"start":{"line":7,"column":13},"end":{"line":19,"column":2}},"2":{"start":{"line":8,"column":2},"end":{"line":18,"column":4}},"3":{"start":{"line":24,"column":13},"end":{"line":36,"column":2}},"4":{"start":{"line":25,"column":2},"end":{"line":35,"column":4}},"5":{"start":{"line":41,"column":13},"end":{"line":53,"column":2}},"6":{"start":{"line":42,"column":2},"end":{"line":52,"column":4}},"7":{"start":{"line":58,"column":13},"end":{"line":70,"column":2}},"8":{"start":{"line":59,"column":2},"end":{"line":69,"column":4}},"9":{"start":{"line":79,"column":13},"end":{"line":136,"column":2}},"10":{"start":{"line":84,"column":36},"end":{"line":84,"column":38}},"11":{"start":{"line":86,"column":2},"end":{"line":134,"column":null}},"12":{"start":{"line":87,"column":4},"end":{"line":87,"column":67}},"13":{"start":{"line":87,"column":59},"end":{"line":87,"column":65}},"14":{"start":{"line":88,"column":9},"end":{"line":134,"column":null}},"15":{"start":{"line":89,"column":4},"end":{"line":133,"column":null}},"16":{"start":{"line":90,"column":19},"end":{"line":90,"column":24}},"17":{"start":{"line":91,"column":6},"end":{"line":93,"column":null}},"18":{"start":{"line":92,"column":8},"end":{"line":92,"column":26}},"19":{"start":{"line":95,"column":45},"end":{"line":96,"column":null}},"20":{"start":{"line":96,"column":16},"end":{"line":96,"column":22}},"21":{"start":{"line":98,"column":6},"end":{"line":100,"column":null}},"22":{"start":{"line":99,"column":8},"end":{"line":99,"column":41}},"23":{"start":{"line":101,"column":6},"end":{"line":101,"column":45}},"24":{"start":{"line":103,"column":6},"end":{"line":132,"column":null}},"25":{"start":{"line":104,"column":37},"end":{"line":112,"column":10}},"26":{"start":{"line":113,"column":8},"end":{"line":115,"column":null}},"27":{"start":{"line":114,"column":10},"end":{"line":114,"column":63}},"28":{"start":{"line":117,"column":8},"end":{"line":117,"column":44}},"29":{"start":{"line":119,"column":44},"end":{"line":119,"column":46}},"30":{"start":{"line":120,"column":8},"end":{"line":126,"column":null}},"31":{"start":{"line":121,"column":10},"end":{"line":125,"column":null}},"32":{"start":{"line":122,"column":12},"end":{"line":122,"column":46}},"33":{"start":{"line":124,"column":12},"end":{"line":124,"column":40}},"34":{"start":{"line":127,"column":8},"end":{"line":129,"column":null}},"35":{"start":{"line":127,"column":21},"end":{"line":127,"column":30}},"36":{"start":{"line":128,"column":10},"end":{"line":128,"column":36}},"37":{"start":{"line":131,"column":8},"end":{"line":131,"column":44}},"38":{"start":{"line":135,"column":2},"end":{"line":135,"column":25}},"39":{"start":{"line":144,"column":13},"end":{"line":173,"column":2}},"40":{"start":{"line":159,"column":2},"end":{"line":172,"column":null}},"41":{"start":{"line":160,"column":14},"end":{"line":164,"column":66}},"42":{"start":{"line":165,"column":4},"end":{"line":171,"column":6}}},"fnMap":{"0":{"name":"(anonymous_1)","decl":{"start":{"line":7,"column":41},"end":{"line":7,"column":44}},"loc":{"start":{"line":7,"column":46},"end":{"line":19,"column":1}}},"1":{"name":"(anonymous_2)","decl":{"start":{"line":24,"column":39},"end":{"line":24,"column":42}},"loc":{"start":{"line":24,"column":44},"end":{"line":36,"column":1}}},"2":{"name":"(anonymous_3)","decl":{"start":{"line":41,"column":36},"end":{"line":41,"column":39}},"loc":{"start":{"line":41,"column":41},"end":{"line":53,"column":1}}},"3":{"name":"(anonymous_4)","decl":{"start":{"line":58,"column":35},"end":{"line":58,"column":38}},"loc":{"start":{"line":58,"column":40},"end":{"line":70,"column":1}}},"4":{"name":"(anonymous_5)","decl":{"start":{"line":79,"column":34},"end":{"line":79,"column":null}},"loc":{"start":{"line":83,"column":4},"end":{"line":136,"column":1}}},"5":{"name":"(anonymous_6)","decl":{"start":{"line":87,"column":51},"end":{"line":87,"column":55}},"loc":{"start":{"line":87,"column":59},"end":{"line":87,"column":65}}},"6":{"name":"(anonymous_7)","decl":{"start":{"line":96,"column":8},"end":{"line":96,"column":12}},"loc":{"start":{"line":96,"column":16},"end":{"line":96,"column":22}}},"7":{"name":"(anonymous_8)","decl":{"start":{"line":144,"column":31},"end":{"line":144,"column":32}},"loc":{"start":{"line":158,"column":5},"end":{"line":173,"column":1}}}},"branchMap":{"0":{"loc":{"start":{"line":86,"column":2},"end":{"line":134,"column":null}},"type":"if","locations":[{"start":{"line":86,"column":2},"end":{"line":134,"column":null}},{"start":{"line":86,"column":2},"end":{"line":134,"column":null}}]},"1":{"loc":{"start":{"line":86,"column":6},"end":{"line":86,"column":16}},"type":"binary-expr","locations":[{"start":{"line":86,"column":6},"end":{"line":86,"column":16}},{"start":{"line":86,"column":20},"end":{"line":86,"column":29}}]},"2":{"loc":{"start":{"line":88,"column":9},"end":{"line":134,"column":null}},"type":"if","locations":[{"start":{"line":88,"column":9},"end":{"line":134,"column":null}},{"start":{"line":88,"column":9},"end":{"line":134,"column":null}}]},"3":{"loc":{"start":{"line":89,"column":4},"end":{"line":133,"column":null}},"type":"if","locations":[{"start":{"line":89,"column":4},"end":{"line":133,"column":null}},{"start":{"line":89,"column":4},"end":{"line":133,"column":null}}]},"4":{"loc":{"start":{"line":91,"column":6},"end":{"line":93,"column":null}},"type":"if","locations":[{"start":{"line":91,"column":6},"end":{"line":93,"column":null}},{"start":{"line":91,"column":6},"end":{"line":93,"column":null}}]},"5":{"loc":{"start":{"line":98,"column":6},"end":{"line":100,"column":null}},"type":"if","locations":[{"start":{"line":98,"column":6},"end":{"line":100,"column":null}},{"start":{"line":98,"column":6},"end":{"line":100,"column":null}}]},"6":{"loc":{"start":{"line":98,"column":10},"end":{"line":98,"column":19}},"type":"binary-expr","locations":[{"start":{"line":98,"column":10},"end":{"line":98,"column":19}},{"start":{"line":98,"column":23},"end":{"line":98,"column":54}}]},"7":{"loc":{"start":{"line":103,"column":6},"end":{"line":132,"column":null}},"type":"if","locations":[{"start":{"line":103,"column":6},"end":{"line":132,"column":null}},{"start":{"line":103,"column":6},"end":{"line":132,"column":null}}]},"8":{"loc":{"start":{"line":113,"column":8},"end":{"line":115,"column":null}},"type":"if","locations":[{"start":{"line":113,"column":8},"end":{"line":115,"column":null}},{"start":{"line":113,"column":8},"end":{"line":115,"column":null}}]},"9":{"loc":{"start":{"line":120,"column":8},"end":{"line":126,"column":null}},"type":"if","locations":[{"start":{"line":120,"column":8},"end":{"line":126,"column":null}},{"start":{"line":120,"column":8},"end":{"line":126,"column":null}}]},"10":{"loc":{"start":{"line":121,"column":10},"end":{"line":125,"column":null}},"type":"if","locations":[{"start":{"line":121,"column":10},"end":{"line":125,"column":null}},{"start":{"line":121,"column":10},"end":{"line":125,"column":null}}]},"11":{"loc":{"start":{"line":148,"column":31},"end":{"line":152,"column":null}},"type":"default-arg","locations":[{"start":{"line":148,"column":31},"end":{"line":152,"column":null}}]},"12":{"loc":{"start":{"line":159,"column":2},"end":{"line":172,"column":null}},"type":"if","locations":[{"start":{"line":159,"column":2},"end":{"line":172,"column":null}},{"start":{"line":159,"column":2},"end":{"line":172,"column":null}}]}},"s":{"0":2,"1":2,"2":1,"3":2,"4":1,"5":2,"6":1,"7":2,"8":1,"9":2,"10":6,"11":6,"12":1,"13":1,"14":5,"15":5,"16":3,"17":3,"18":3,"19":3,"20":11,"21":3,"22":2,"23":3,"24":2,"25":1,"26":1,"27":1,"28":1,"29":1,"30":1,"31":1,"32":1,"33":0,"34":1,"35":1,"36":5,"37":1,"38":6,"39":2,"40":0,"41":0,"42":0},"f":{"0":1,"1":1,"2":1,"3":1,"4":6,"5":1,"6":11,"7":0},"b":{"0":[1,5],"1":[6,6],"2":[5,0],"3":[3,2],"4":[3,0],"5":[2,1],"6":[3,3],"7":[1,1],"8":[1,0],"9":[1,0],"10":[1,0],"11":[0],"12":[0,0]}}
}
