TN:
SF:/Users/yuezhou/Documents/git/ms-pagination/src/PaginationComponent.tsx
FN:29,(anonymous_1)
FN:36,(anonymous_2)
FN:46,(anonymous_3)
FN:67,(anonymous_4)
FN:85,(anonymous_5)
FN:108,(anonymous_6)
FN:116,(anonymous_7)
FN:130,(anonymous_8)
FN:144,(anonymous_9)
FN:148,(anonymous_10)
FN:152,(anonymous_11)
FN:94,(anonymous_12)
FN:103,(anonymous_13)
FN:161,(anonymous_14)
FN:223,(anonymous_15)
FNF:15
FNH:7
FNDA:1,(anonymous_1)
FNDA:4,(anonymous_2)
FNDA:0,(anonymous_3)
FNDA:1,(anonymous_4)
FNDA:1,(anonymous_5)
FNDA:0,(anonymous_6)
FNDA:0,(anonymous_7)
FNDA:0,(anonymous_8)
FNDA:0,(anonymous_9)
FNDA:0,(anonymous_10)
FNDA:0,(anonymous_11)
FNDA:1,(anonymous_12)
FNDA:1,(anonymous_13)
FNDA:1,(anonymous_14)
FNDA:0,(anonymous_15)
DA:1,1
DA:2,1
DA:3,1
DA:6,1
DA:21,1
DA:29,1
DA:34,1
DA:37,4
DA:47,0
DA:67,1
DA:76,1
DA:78,1
DA:86,1
DA:87,1
DA:95,1
DA:97,1
DA:104,1
DA:105,1
DA:108,1
DA:109,0
DA:112,0
DA:113,0
DA:116,1
DA:117,0
DA:119,0
DA:120,0
DA:123,0
DA:127,0
DA:130,1
DA:131,0
DA:133,0
DA:134,0
DA:137,0
DA:141,0
DA:144,1
DA:145,0
DA:148,1
DA:149,0
DA:152,1
DA:153,0
DA:154,0
DA:157,0
DA:158,0
DA:170,1
DA:172,1
DA:224,0
DA:235,1
LF:47
LH:26
BRDA:38,0,0,3
BRDA:38,0,1,1
BRDA:40,1,0,1
BRDA:40,1,1,2
BRDA:119,2,0,0
BRDA:119,2,1,0
BRDA:133,3,0,0
BRDA:133,3,1,0
BRDA:164,4,0,1
BRDA:165,5,0,1
BRDA:166,6,0,1
BRDA:167,7,0,1
BRDA:168,8,0,1
BRDA:169,9,0,1
BRDA:175,10,0,1
BRDA:175,10,1,1
BRDA:203,11,0,1
BRDA:203,11,1,1
BRDA:216,12,0,1
BRDA:216,12,1,0
BRF:20
BRH:15
end_of_record
TN:
SF:/Users/yuezhou/Documents/git/ms-pagination/src/PaginationComponentHelper.tsx
FN:6,(anonymous_1)
FN:18,(anonymous_2)
FN:31,(anonymous_3)
FN:43,(anonymous_4)
FN:59,(anonymous_5)
FN:63,(anonymous_6)
FN:72,(anonymous_7)
FN:104,(anonymous_8)
FNF:8
FNH:7
FNDA:1,(anonymous_1)
FNDA:1,(anonymous_2)
FNDA:1,(anonymous_3)
FNDA:1,(anonymous_4)
FNDA:5,(anonymous_5)
FNDA:1,(anonymous_6)
FNDA:8,(anonymous_7)
FNDA:0,(anonymous_8)
DA:1,2
DA:6,2
DA:7,1
DA:18,2
DA:19,1
DA:31,2
DA:32,1
DA:43,2
DA:44,1
DA:59,2
DA:60,5
DA:62,5
DA:63,1
DA:64,4
DA:65,4
DA:66,2
DA:67,2
DA:68,2
DA:71,2
DA:72,8
DA:74,2
DA:75,1
DA:77,2
DA:79,2
DA:80,1
DA:81,1
DA:83,1
DA:84,1
DA:85,1
DA:87,1
DA:88,5
DA:91,1
DA:95,5
DA:104,2
DA:105,0
DA:106,0
DA:107,0
LF:37
LH:34
BRDA:62,0,0,1
BRDA:62,0,1,4
BRDA:62,1,0,5
BRDA:62,1,1,5
BRDA:64,2,0,4
BRDA:64,2,1,0
BRDA:65,3,0,2
BRDA:65,3,1,2
BRDA:67,4,0,2
BRDA:67,4,1,0
BRDA:74,5,0,1
BRDA:74,5,1,1
BRDA:74,6,0,2
BRDA:74,6,1,2
BRDA:79,7,0,1
BRDA:79,7,1,1
BRDA:84,8,0,1
BRDA:84,8,1,0
BRDA:105,9,0,0
BRDA:105,9,1,0
BRF:20
BRH:15
end_of_record
