TN:
SF:/Users/yuezhou/Documents/git/ms-pagination/src/PaginationComponent.tsx
FN:34,(anonymous_1)
FN:57,(anonymous_2)
FN:82,(anonymous_3)
FN:96,(anonymous_4)
FN:110,(anonymous_5)
FN:114,(anonymous_6)
FN:118,(anonymous_7)
FN:43,(anonymous_8)
FN:52,(anonymous_9)
FN:142,(anonymous_10)
FN:178,(anonymous_11)
FN:188,(anonymous_12)
FN:207,(anonymous_13)
FN:217,(anonymous_14)
FN:264,(anonymous_15)
FN:282,(anonymous_16)
FNF:16
FNH:6
FNDA:1,(anonymous_1)
FNDA:0,(anonymous_2)
FNDA:0,(anonymous_3)
FNDA:0,(anonymous_4)
FNDA:0,(anonymous_5)
FNDA:0,(anonymous_6)
FNDA:0,(anonymous_7)
FNDA:1,(anonymous_8)
FNDA:1,(anonymous_9)
FNDA:1,(anonymous_10)
FNDA:4,(anonymous_11)
FNDA:0,(anonymous_12)
FNDA:4,(anonymous_13)
FNDA:0,(anonymous_14)
FNDA:0,(anonymous_15)
FNDA:0,(anonymous_16)
DA:1,1
DA:2,1
DA:3,1
DA:7,1
DA:25,1
DA:35,1
DA:36,1
DA:44,1
DA:46,1
DA:53,1
DA:54,1
DA:57,1
DA:58,0
DA:69,0
DA:71,0
DA:72,0
DA:73,0
DA:82,1
DA:83,0
DA:85,0
DA:86,0
DA:89,0
DA:93,0
DA:96,1
DA:97,0
DA:99,0
DA:100,0
DA:103,0
DA:107,0
DA:110,1
DA:111,0
DA:114,1
DA:115,0
DA:118,1
DA:119,0
DA:127,0
DA:128,0
DA:131,0
DA:132,0
DA:133,0
DA:154,1
DA:156,1
DA:179,4
DA:189,0
DA:208,4
DA:218,0
DA:265,0
DA:283,0
DA:295,1
LF:49
LH:22
BRDA:63,0,0,0
BRDA:64,1,0,0
BRDA:72,2,0,0
BRDA:72,2,1,0
BRDA:85,3,0,0
BRDA:85,3,1,0
BRDA:99,4,0,0
BRDA:99,4,1,0
BRDA:121,5,0,0
BRDA:122,6,0,0
BRDA:132,7,0,0
BRDA:132,7,1,0
BRDA:145,8,0,1
BRDA:146,9,0,1
BRDA:147,10,0,1
BRDA:148,11,0,1
BRDA:149,12,0,1
BRDA:150,13,0,1
BRDA:151,14,0,1
BRDA:152,15,0,1
BRDA:153,16,0,1
BRDA:160,17,0,1
BRDA:160,17,1,1
BRDA:180,18,0,3
BRDA:180,18,1,1
BRDA:182,19,0,1
BRDA:182,19,1,2
BRDA:209,20,0,3
BRDA:209,20,1,1
BRDA:211,21,0,1
BRDA:211,21,1,2
BRDA:241,22,0,1
BRDA:241,22,1,1
BRDA:251,23,0,1
BRDA:251,23,1,1
BRDA:257,24,0,1
BRDA:257,24,1,0
BRDA:275,25,0,1
BRDA:275,25,1,0
BRF:39
BRH:25
end_of_record
TN:
SF:/Users/yuezhou/Documents/git/ms-pagination/src/PaginationComponentHelper.tsx
FN:7,(anonymous_1)
FN:24,(anonymous_2)
FN:41,(anonymous_3)
FN:58,(anonymous_4)
FN:79,(anonymous_5)
FN:87,(anonymous_6)
FN:96,(anonymous_7)
FN:144,(anonymous_8)
FNF:8
FNH:7
FNDA:1,(anonymous_1)
FNDA:1,(anonymous_2)
FNDA:1,(anonymous_3)
FNDA:1,(anonymous_4)
FNDA:6,(anonymous_5)
FNDA:1,(anonymous_6)
FNDA:11,(anonymous_7)
FNDA:0,(anonymous_8)
DA:1,2
DA:7,2
DA:8,1
DA:24,2
DA:25,1
DA:41,2
DA:42,1
DA:58,2
DA:59,1
DA:79,2
DA:84,6
DA:86,6
DA:87,1
DA:88,5
DA:89,5
DA:90,3
DA:91,3
DA:92,3
DA:95,3
DA:96,11
DA:98,3
DA:99,2
DA:101,3
DA:103,2
DA:104,1
DA:113,1
DA:114,1
DA:117,1
DA:119,1
DA:120,1
DA:121,1
DA:122,1
DA:124,0
DA:127,1
DA:128,5
DA:131,1
DA:135,6
DA:144,2
DA:159,0
DA:160,0
DA:165,0
LF:41
LH:37
BRDA:86,0,0,1
BRDA:86,0,1,5
BRDA:86,1,0,6
BRDA:86,1,1,6
BRDA:88,2,0,5
BRDA:88,2,1,0
BRDA:89,3,0,3
BRDA:89,3,1,2
BRDA:91,4,0,3
BRDA:91,4,1,0
BRDA:98,5,0,2
BRDA:98,5,1,1
BRDA:98,6,0,3
BRDA:98,6,1,3
BRDA:103,7,0,1
BRDA:103,7,1,1
BRDA:113,8,0,1
BRDA:113,8,1,0
BRDA:120,9,0,1
BRDA:120,9,1,0
BRDA:121,10,0,1
BRDA:121,10,1,0
BRDA:148,11,0,0
BRDA:159,12,0,0
BRDA:159,12,1,0
BRF:25
BRH:17
end_of_record
